<?xml version="1.0" encoding="UTF-8"?>
<testsuite name="com.thesamoanppprogrammer.demos.junit.CalculatorTest" tests="2" skipped="0" failures="0" errors="0" timestamp="2022-02-15T22:54:30" hostname="Loves-iMac.local" time="0.001">
  <properties/>
  <testcase name="testAdd()" classname="com.thesamoanppprogrammer.demos.junit.CalculatorTest" time="0.0"/>
  <testcase name="testAddZeroToPositive()" classname="com.thesamoanppprogrammer.demos.junit.CalculatorTest" time="0.0"/>
  <system-out><![CDATA[]]></system-out>
  <system-err><![CDATA[]]></system-err>
</testsuite>
