<?xml version="1.0" encoding="UTF-8"?>
<testsuite name="mockito.service.AuthenticationServiceTest" tests="1" skipped="1" failures="0" errors="0" timestamp="2022-02-15T22:54:30" hostname="Loves-iMac.local" time="0.0">
  <properties/>
  <testcase name="testAuthenticate()" classname="mockito.service.AuthenticationServiceTest" time="0.0">
    <skipped/>
  </testcase>
  <system-out><![CDATA[]]></system-out>
  <system-err><![CDATA[]]></system-err>
</testsuite>
