<?xml version="1.0" encoding="UTF-8"?>
<testsuite name="mockito.web.LoginControllerTest" tests="1" skipped="0" failures="0" errors="0" timestamp="2022-02-15T22:54:30" hostname="Loves-iMac.local" time="0.022">
  <properties/>
  <testcase name="testService_validUsernameAndPassword_logsInUser()" classname="mockito.web.LoginControllerTest" time="0.022"/>
  <system-out><![CDATA[]]></system-out>
  <system-err><![CDATA[]]></system-err>
</testsuite>
