<?xml version="1.0" encoding="UTF-8"?>
<testsuite name="mockito.service.UserLookupServiceTest" tests="1" skipped="0" failures="0" errors="0" timestamp="2022-02-16T01:50:47" hostname="Loves-iMac.local" time="0.247">
  <properties/>
  <testcase name="getRegularUsers_hamcrest()" classname="mockito.service.UserLookupServiceTest" time="0.247"/>
  <system-out><![CDATA[]]></system-out>
  <system-err><![CDATA[]]></system-err>
</testsuite>
